<?xml version="1.0" encoding="UTF-8"?>
<!-- Generated by org.testng.reporters.JUnitXMLReporter -->
<testsuite hostname="IE3BLT1DDT6C2" ignored="0" name="Default test" tests="3" failures="0" timestamp="08 Apr 2017 05:54:34 GMT" time="5.112" errors="0">
  <testcase name="getPets" time="3.774" classname="com.honeywell.team1.HoneywellTeam1.alphatest.NewTest"/>
  <testcase name="inventoryGet" time="0.67" classname="com.honeywell.team1.HoneywellTeam1.alphatest.NewTest"/>
  <testcase name="testAssertionsInRestAssured" time="0.625" classname="com.honeywell.team1.HoneywellTeam1.alphatest.NewTest"/>
</testsuite> <!-- Default test -->
