<?xml version="1.0" encoding="UTF-8"?>
<!-- Generated by org.testng.reporters.JUnitXMLReporter -->
<testsuite hostname="IE3BLT1DDT6C2" ignored="0" name="Default test" tests="2" failures="0" timestamp="08 Apr 2017 09:02:24 GMT" time="3.702" errors="0">
  <testcase name="addNewPetPost" time="1.969" classname="com.honeywell.team1.HoneywellTeam1.alphatest.PetTests"/>
  <testcase name="updatePetPut" time="1.211" classname="com.honeywell.team1.HoneywellTeam1.alphatest.PetTests"/>
</testsuite> <!-- Default test -->
